<?xml version="1.0" encoding="UTF-8"?>
<!-- Generated by org.testng.reporters.JUnitXMLReporter -->
<testsuite ignored="0" hostname="Ponnu" failures="0" tests="3" name="Surefire test" time="0.074" errors="0" timestamp="2025-06-09T13:12:39 IST">
  <testcase classname="testClasses.LoginTest" name="@BeforeTest beforeTest" time="-1.749454959509E9">
    <failure type="org.testng.TestNGException" message="
Parameter &amp;apos;browser&amp;apos; is required by BeforeTest on method beforeTest but has not been marked @Optional or defined
">
      <![CDATA[org.testng.TestNGException: 
Parameter 'browser' is required by BeforeTest on method beforeTest but has not been marked @Optional or defined

... Removed 26 stack frames]]>
    </failure>
  </testcase> <!-- @BeforeTest beforeTest -->
  <testcase classname="testClasses.LoginTest" name="@AfterTest afterTest" time="0.0">
    <skipped/>
  </testcase> <!-- @AfterTest afterTest -->
  <testcase classname="testClasses.LoginTest" name="invalidPasswordLogin" time="0.001">
    <skipped/>
  </testcase> <!-- invalidPasswordLogin -->
  <testcase classname="testClasses.LoginTest" name="loginToHeroApp" time="0.0">
    <skipped/>
  </testcase> <!-- loginToHeroApp -->
  <testcase classname="testClasses.LoginTest" name="invalidUserLogin" time="0.0">
    <skipped/>
  </testcase> <!-- invalidUserLogin -->
</testsuite> <!-- Surefire test -->
